<?xml version="1.0" encoding="UTF-8"?>
<!-- Generated by org.testng.reporters.JUnitReportReporter -->
<testsuite hostname="LAPTOP-8G6M48C6" failures="0" tests="9" name="org.testng.TestNgPractise" time="0.028" errors="0" timestamp="09 Sep 2021 20:10:53 GMT" skipped="2">
  <testcase classname="org.testng.TestNgPractise" name="tc01" time="0.002"/>
  <testcase classname="org.testng.TestNgPractise" name="tc01" time="0.003"/>
  <testcase classname="org.testng.TestNgPractise" name="tc01" time="0.003"/>
  <testcase classname="org.testng.TestNgPractise" name="tc01" time="0.001"/>
  <testcase classname="org.testng.TestNgPractise" name="tc01" time="0.002"/>
  <testcase classname="org.testng.TestNgPractise" name="tc04" time="0.012"/>
  <testcase classname="org.testng.TestNgPractise" name="tc03" time="0.002">
    <skipped/>
  </testcase> <!-- tc03 -->
  <testcase classname="org.testng.TestNgPractise" name="tc00" time="0.003"/>
  <testcase classname="org.testng.TestNgPractise" name="tc02">
    <skipped/>
  </testcase> <!-- tc02 -->
</testsuite> <!-- org.testng.TestNgPractise -->
